{"/Users/timpaul/Desktop/GIT-Repos/test-emotion-cypress/src/NotFoundPage.tsx": {"path":"/Users/timpaul/Desktop/GIT-Repos/test-emotion-cypress/src/NotFoundPage.tsx","statementMap":{"0":{"start":{"line":5,"column":2},"end":{"line":11,"column":4}}},"fnMap":{"0":{"name":"NotFound","decl":{"start":{"line":4,"column":24},"end":{"line":4,"column":32}},"loc":{"start":{"line":4,"column":35},"end":{"line":12,"column":1}},"line":4}},"branchMap":{},"s":{"0":5},"f":{"0":5},"b":{},"_coverageSchema":"1a1c01bbd47fc00a2c39e90264f33305004495a9","hash":"d588a4eb8cd75d48ee44c9df54373e2b992f9138"}
}
